#
# There is insufficient memory for the Java Runtime Environment to continue.
# Native memory allocation (malloc) failed to allocate 1048576 bytes for AllocateHeap
# Possible reasons:
#   The system is out of physical RAM or swap space
#   In 32 bit mode, the process size limit was hit
# Possible solutions:
#   Reduce memory load on the system
#   Increase physical memory or swap space
#   Check if swap backing store is full
#   Use 64 bit Java on a 64 bit OS
#   Decrease Java heap size (-Xmx/-Xms)
#   Decrease number of Java threads
#   Decrease Java thread stack sizes (-Xss)
#   Set larger code cache with -XX:ReservedCodeCacheSize=
# This output file may be truncated or incomplete.
#
#  Out of Memory Error (memory/allocation.inline.hpp:61), pid=16908, tid=0x0000000000004308
#
# JRE version:  (8.0_144-b01) (build )
# Java VM: Java HotSpot(TM) 64-Bit Server VM (25.144-b01 mixed mode windows-amd64 compressed oops)
# Failed to write core dump. Minidumps are not enabled by default on client versions of Windows
#

---------------  T H R E A D  ---------------

Current thread (0x000000000307e800):  JavaThread "Unknown thread" [_thread_in_vm, id=17160, stack(0x0000000002f50000,0x0000000003050000)]

Stack: [0x0000000002f50000,0x0000000003050000]
[error occurred during error reporting (printing stack bounds), id 0xc0000005]

Native frames: (J=compiled Java code, j=interpreted, Vv=VM code, C=native code)


---------------  P R O C E S S  ---------------

Java Threads: ( => current thread )

Other Threads:

=>0x000000000307e800 (exited) JavaThread "Unknown thread" [_thread_in_vm, id=17160, stack(0x0000000002f50000,0x0000000003050000)]

VM state:not at safepoint (normal execution)

VM Mutex/Monitor currently owned by a thread: None

Heap:
 PSYoungGen      total 38400K, used 665K [0x00000000d5e00000, 0x00000000d8880000, 0x0000000100000000)
  eden space 33280K, 2% used [0x00000000d5e00000,0x00000000d5ea6670,0x00000000d7e80000)
  from space 5120K, 0% used [0x00000000d8380000,0x00000000d8380000,0x00000000d8880000)
  to   space 5120K, 0% used [0x00000000d7e80000,0x00000000d7e80000,0x00000000d8380000)
 ParOldGen       total 87552K, used 0K [0x0000000081a00000, 0x0000000086f80000, 0x00000000d5e00000)
  object space 87552K, 0% used [0x0000000081a00000,0x0000000081a00000,0x0000000086f80000)
 Metaspace       used 770K, capacity 4480K, committed 4480K, reserved 1056768K
  class space    used 75K, capacity 384K, committed 384K, reserved 1048576K

Card table byte_map: [0x0000000012540000,0x0000000012940000] byte_map_base: 0x0000000012133000

Marking Bits: (ParMarkBitMap*) 0x0000000054c8d850
 Begin Bits: [0x0000000012ff0000, 0x0000000014f88000)
 End Bits:   [0x0000000014f88000, 0x0000000016f20000)

Polling page: 0x0000000001150000

CodeCache: size=245760Kb used=328Kb max_used=328Kb free=245431Kb
 bounds [0x0000000003180000, 0x00000000033f0000, 0x0000000012180000]
 total_blobs=58 nmethods=0 adapters=38
 compilation: enabled

Compilation events (0 events):
No events

GC Heap History (0 events):
No events

Deoptimization events (0 events):
No events

Internal exceptions (0 events):
No events

Events (10 events):
Event: 0.036 loading class java/lang/Short
Event: 0.036 loading class java/lang/Short done
Event: 0.036 loading class java/lang/Integer
Event: 0.036 loading class java/lang/Integer done
Event: 0.036 loading class java/lang/Long
Event: 0.036 loading class java/lang/Long done
Event: 0.037 loading class java/lang/NullPointerException
Event: 0.037 loading class java/lang/NullPointerException done
Event: 0.037 loading class java/lang/ArithmeticException
Event: 0.037 loading class java/lang/ArithmeticException done


Dynamic libraries:
0x00007ff7d75b0000 - 0x00007ff7d75e7000 	C:\Program Files\Java\jdk1.8.0_144\bin\javaw.exe
0x00007ff96b970000 - 0x00007ff96bb51000 	C:\WINDOWS\SYSTEM32\ntdll.dll
0x00007ff968e00000 - 0x00007ff968eb2000 	C:\WINDOWS\System32\KERNEL32.DLL
0x00007ff968aa0000 - 0x00007ff968d13000 	C:\WINDOWS\System32\KERNELBASE.dll
0x00007ff96a0b0000 - 0x00007ff96a151000 	C:\WINDOWS\System32\ADVAPI32.dll
0x00007ff96b760000 - 0x00007ff96b7fe000 	C:\WINDOWS\System32\msvcrt.dll
0x00007ff9690e0000 - 0x00007ff96913b000 	C:\WINDOWS\System32\sechost.dll
0x00007ff969ee0000 - 0x00007ff96a004000 	C:\WINDOWS\System32\RPCRT4.dll
0x00007ff968ec0000 - 0x00007ff969050000 	C:\WINDOWS\System32\USER32.dll
0x00007ff967d40000 - 0x00007ff967d60000 	C:\WINDOWS\System32\win32u.dll
0x00007ff96b820000 - 0x00007ff96b848000 	C:\WINDOWS\System32\GDI32.dll
0x00007ff968470000 - 0x00007ff968602000 	C:\WINDOWS\System32\gdi32full.dll
0x00007ff968a00000 - 0x00007ff968a9f000 	C:\WINDOWS\System32\msvcp_win.dll
0x00007ff968850000 - 0x00007ff96894a000 	C:\WINDOWS\System32\ucrtbase.dll
0x00007ff950b10000 - 0x00007ff950d79000 	C:\WINDOWS\WinSxS\amd64_microsoft.windows.common-controls_6595b64144ccf1df_6.0.17134.472_none_fb3f9af53068156d\COMCTL32.dll
0x00007ff9691a0000 - 0x00007ff9694c2000 	C:\WINDOWS\System32\combase.dll
0x00007ff968d80000 - 0x00007ff968dfa000 	C:\WINDOWS\System32\bcryptPrimitives.dll
0x00007ff9694d0000 - 0x00007ff9694fd000 	C:\WINDOWS\System32\IMM32.DLL
0x0000000053c00000 - 0x0000000053cd2000 	C:\Program Files\Java\jdk1.8.0_144\jre\bin\msvcr100.dll
0x0000000054470000 - 0x0000000054d0d000 	C:\Program Files\Java\jdk1.8.0_144\jre\bin\server\jvm.dll
0x00007ff9699c0000 - 0x00007ff9699c8000 	C:\WINDOWS\System32\PSAPI.DLL
0x00007ff960250000 - 0x00007ff960273000 	C:\WINDOWS\SYSTEM32\WINMM.dll
0x00007ff966890000 - 0x00007ff966899000 	C:\WINDOWS\SYSTEM32\WSOCK32.dll
0x00007ff969950000 - 0x00007ff9699bc000 	C:\WINDOWS\System32\WS2_32.dll
0x00007ff9598e0000 - 0x00007ff9598ea000 	C:\WINDOWS\SYSTEM32\VERSION.dll
0x00007ff960220000 - 0x00007ff96024a000 	C:\WINDOWS\SYSTEM32\winmmbase.dll
0x00007ff968610000 - 0x00007ff968659000 	C:\WINDOWS\System32\cfgmgr32.dll
0x0000000054380000 - 0x000000005438f000 	C:\Program Files\Java\jdk1.8.0_144\jre\bin\verify.dll
0x0000000054350000 - 0x0000000054379000 	C:\Program Files\Java\jdk1.8.0_144\jre\bin\java.dll
0x0000000054330000 - 0x0000000054346000 	C:\Program Files\Java\jdk1.8.0_144\jre\bin\zip.dll

VM Arguments:
jvm_args: -Dfile.encoding=Cp1256 
java_command: sudoku
java_class_path (initial): C:\Program Files\Java\jdk1.8.0_144\jre\lib\resources.jar;C:\Program Files\Java\jdk1.8.0_144\jre\lib\rt.jar;C:\Program Files\Java\jdk1.8.0_144\jre\lib\jsse.jar;C:\Program Files\Java\jdk1.8.0_144\jre\lib\jce.jar;C:\Program Files\Java\jdk1.8.0_144\jre\lib\charsets.jar;C:\Program Files\Java\jdk1.8.0_144\jre\lib\jfr.jar;C:\Program Files\Java\jdk1.8.0_144\jre\lib\ext\access-bridge-64.jar;C:\Program Files\Java\jdk1.8.0_144\jre\lib\ext\cldrdata.jar;C:\Program Files\Java\jdk1.8.0_144\jre\lib\ext\dnsns.jar;C:\Program Files\Java\jdk1.8.0_144\jre\lib\ext\jaccess.jar;C:\Program Files\Java\jdk1.8.0_144\jre\lib\ext\jfxrt.jar;C:\Program Files\Java\jdk1.8.0_144\jre\lib\ext\localedata.jar;C:\Program Files\Java\jdk1.8.0_144\jre\lib\ext\nashorn.jar;C:\Program Files\Java\jdk1.8.0_144\jre\lib\ext\sunec.jar;C:\Program Files\Java\jdk1.8.0_144\jre\lib\ext\sunjce_provider.jar;C:\Program Files\Java\jdk1.8.0_144\jre\lib\ext\sunmscapi.jar;C:\Program Files\Java\jdk1.8.0_144\jre\lib\ext\sunpkcs11.jar;C:\Program Files\Java\jdk1.8.0_144\jre\lib\ext\zipfs.jar;C:\Users\Mustafa\eclipse-workspace\Sudoku2\bin
Launcher Type: SUN_STANDARD

Environment Variables:
PATH=C:/Program Files/Java/jdk1.8.0_144/jre/bin/server;C:/Program Files/Java/jdk1.8.0_144/jre/bin;C:/Program Files/Java/jdk1.8.0_144/jre/lib/amd64;C:\Program Files (x86)\Common Files\Oracle\Java\javapath;C:\ProgramData\Oracle\Java\javapath;C:\Program Files (x86)\Intel\iCLS Client\;C:\Program Files\Intel\iCLS Client\;C:\Windows\system32;C:\Windows;C:\Windows\System32\Wbem;C:\Windows\System32\WindowsPowerShell\v1.0\;C:\Program Files (x86)\NVIDIA Corporation\PhysX\Common;C:\Program Files (x86)\Intel\Intel(R) Management Engine Components\DAL;C:\Program Files\Intel\Intel(R) Management Engine Components\DAL;C:\Program Files (x86)\Intel\Intel(R) Management Engine Components\IPT;C:\Program Files\Intel\Intel(R) Management Engine Components\IPT;C:\WINDOWS\system32;C:\WINDOWS;C:\WINDOWS\System32\Wbem;C:\WINDOWS\System32\WindowsPowerShell\v1.0\;C:\Program Files (x86)\PuTTY\;C:\Program Files\Intel\WiFi\bin\;C:\Program Files\Common Files\Intel\WirelessCommon\;C:\Program Files\jEdit;C:\Program Files (x86)\QuickTime\QTSystem\;C:\WINDOWS\System32\OpenSSH\;C:\Users\Mustafa\AppData\Local\Microsoft\WindowsApps;C:\Users\Mustafa\Desktop\platform-tools;C:\Users\Mustafa\AppData\Local\GitHubDesktop\bin;%USERPROFILE%\AppData\Local\Microsoft\WindowsApps;;C:\WINDOWS\system32;
USERNAME=Mustafa
OS=Windows_NT
PROCESSOR_IDENTIFIER=Intel64 Family 6 Model 78 Stepping 3, GenuineIntel



---------------  S Y S T E M  ---------------

OS: Windows 10.0 , 64 bit Build 17134 (10.0.17134.1)

CPU:total 4 (initial active 4) (2 cores per cpu, 2 threads per core) family 6 model 78 stepping 3, cmov, cx8, fxsr, mmx, sse, sse2, sse3, ssse3, sse4.1, sse4.2, popcnt, avx, avx2, aes, clmul, erms, 3dnowpref, lzcnt, ht, tsc, tscinvbit, bmi1, bmi2, adx

Memory: 4k page, physical 8281236k(2294772k free), swap 23810972k(5688k free)

vm_info: Java HotSpot(TM) 64-Bit Server VM (25.144-b01) for windows-amd64 JRE (1.8.0_144-b01), built on Jul 21 2017 21:57:33 by "java_re" with MS VC++ 10.0 (VS2010)

time: Wed Dec 19 20:39:41 2018
elapsed time: 0 seconds (0d 0h 0m 0s)

