#
# There is insufficient memory for the Java Runtime Environment to continue.
# Native memory allocation (malloc) failed to allocate 42688 bytes for Chunk::new
# Possible reasons:
#   The system is out of physical RAM or swap space
#   In 32 bit mode, the process size limit was hit
# Possible solutions:
#   Reduce memory load on the system
#   Increase physical memory or swap space
#   Check if swap backing store is full
#   Use 64 bit Java on a 64 bit OS
#   Decrease Java heap size (-Xmx/-Xms)
#   Decrease number of Java threads
#   Decrease Java thread stack sizes (-Xss)
#   Set larger code cache with -XX:ReservedCodeCacheSize=
# This output file may be truncated or incomplete.
#
#  Out of Memory Error (allocation.cpp:390), pid=8480, tid=0x0000000000003700
#
# JRE version: Java(TM) SE Runtime Environment (8.0_191-b12) (build 1.8.0_191-b12)
# Java VM: Java HotSpot(TM) 64-Bit Server VM (25.191-b12 mixed mode windows-amd64 compressed oops)
# Failed to write core dump. Minidumps are not enabled by default on client versions of Windows
#

---------------  T H R E A D  ---------------

Current thread (0x0000000014df9000):  JavaThread "C2 CompilerThread0" daemon [_thread_in_native, id=14080, stack(0x0000000015e20000,0x0000000015f20000)]

Stack: [0x0000000015e20000,0x0000000015f20000]
[error occurred during error reporting (printing stack bounds), id 0xc0000005]

Native frames: (J=compiled Java code, j=interpreted, Vv=VM code, C=native code)


Current CompileTask:
C2:   4326  784   !   4       sun.awt.AppContext::get (123 bytes)


---------------  P R O C E S S  ---------------

Java Threads: ( => current thread )
  0x00000000029fd800 JavaThread "DestroyJavaVM" [_thread_blocked, id=9784, stack(0x0000000002830000,0x0000000002930000)]
  0x000000001654c000 JavaThread "AWT-EventQueue-0" [_thread_in_Java, id=12364, stack(0x0000000017870000,0x0000000017970000)]
  0x00000000164e9000 JavaThread "AWT-Windows" daemon [_thread_in_native, id=14016, stack(0x0000000016960000,0x0000000016a60000)]
  0x00000000164e8000 JavaThread "AWT-Shutdown" [_thread_blocked, id=5720, stack(0x0000000016860000,0x0000000016960000)]
  0x000000001653d800 JavaThread "Java2D Disposer" daemon [_thread_blocked, id=3676, stack(0x0000000016760000,0x0000000016860000)]
  0x0000000014e5b800 JavaThread "Service Thread" daemon [_thread_blocked, id=10104, stack(0x0000000016020000,0x0000000016120000)]
  0x0000000014e55800 JavaThread "C1 CompilerThread1" daemon [_thread_blocked, id=4432, stack(0x0000000015f20000,0x0000000016020000)]
=>0x0000000014df9000 JavaThread "C2 CompilerThread0" daemon [_thread_in_native, id=14080, stack(0x0000000015e20000,0x0000000015f20000)]
  0x0000000014df7800 JavaThread "Attach Listener" daemon [_thread_blocked, id=10140, stack(0x0000000015d20000,0x0000000015e20000)]
  0x0000000014df4000 JavaThread "Signal Dispatcher" daemon [_thread_blocked, id=8088, stack(0x0000000015c20000,0x0000000015d20000)]
  0x0000000014de8800 JavaThread "Finalizer" daemon [_thread_blocked, id=4476, stack(0x0000000015a30000,0x0000000015b30000)]
  0x0000000002aef000 JavaThread "Reference Handler" daemon [_thread_blocked, id=9552, stack(0x0000000015930000,0x0000000015a30000)]

Other Threads:
  0x0000000014dc7000 VMThread [stack: 0x0000000015830000,0x0000000015930000] [id=8764]
  0x0000000014e5f000 WatcherThread [stack: 0x0000000016120000,0x0000000016220000] [id=4480]

VM state:not at safepoint (normal execution)

VM Mutex/Monitor currently owned by a thread: None

Heap:
 PSYoungGen      total 18432K, used 7410K [0x00000000eb900000, 0x00000000ecd80000, 0x0000000100000000)
  eden space 15872K, 46% used [0x00000000eb900000,0x00000000ec03ca88,0x00000000ec880000)
  from space 2560K, 0% used [0x00000000ecb00000,0x00000000ecb00000,0x00000000ecd80000)
  to   space 2560K, 0% used [0x00000000ec880000,0x00000000ec880000,0x00000000ecb00000)
 ParOldGen       total 42496K, used 0K [0x00000000c2a00000, 0x00000000c5380000, 0x00000000eb900000)
  object space 42496K, 0% used [0x00000000c2a00000,0x00000000c2a00000,0x00000000c5380000)
 Metaspace       used 10674K, capacity 10862K, committed 11008K, reserved 1058816K
  class space    used 1358K, capacity 1419K, committed 1536K, reserved 1048576K

Card table byte_map: [0x0000000011ec0000,0x00000000120b0000] byte_map_base: 0x00000000118ab000

Marking Bits: (ParMarkBitMap*) 0x000000006f4b3e30
 Begin Bits: [0x0000000012400000, 0x0000000013358000)
 End Bits:   [0x0000000013358000, 0x00000000142b0000)

Polling page: 0x0000000000ca0000

CodeCache: size=245760Kb used=2750Kb max_used=2752Kb free=243009Kb
 bounds [0x0000000002b00000, 0x0000000002dc0000, 0x0000000011b00000]
 total_blobs=1264 nmethods=786 adapters=391
 compilation: enabled

Compilation events (10 events):
Event: 4.310 Thread 0x0000000014e55800 nmethod 782 0x0000000002daea50 code [0x0000000002daec40, 0x0000000002daf618]
Event: 4.310 Thread 0x0000000014e55800  783       3       java.awt.Component::getBackground (29 bytes)
Event: 4.310 Thread 0x0000000014df9000  784   !   4       sun.awt.AppContext::get (123 bytes)
Event: 4.311 Thread 0x0000000014e55800 nmethod 783 0x0000000002dae550 code [0x0000000002dae6c0, 0x0000000002dae988]
Event: 4.313 Thread 0x0000000014e55800  785       3       java.util.HashMap::<init> (8 bytes)
Event: 4.313 Thread 0x0000000014e55800 nmethod 785 0x0000000002dae190 code [0x0000000002dae320, 0x0000000002dae4a8]
Event: 4.313 Thread 0x0000000014e55800  786       1       javax.swing.ActionMap::getParent (5 bytes)
Event: 4.314 Thread 0x0000000014e55800 nmethod 786 0x0000000002daded0 code [0x0000000002dae020, 0x0000000002dae130]
Event: 4.319 Thread 0x0000000014e55800  787       3       java.awt.Rectangle::<init> (26 bytes)
Event: 4.319 Thread 0x0000000014e55800 nmethod 787 0x0000000002dad990 code [0x0000000002dadb00, 0x0000000002dadd70]

GC Heap History (0 events):
No events

Deoptimization events (4 events):
Event: 1.301 Thread 0x00000000029fd800 Uncommon trap: reason=class_check action=maybe_recompile pc=0x0000000002c82460 method=java.lang.String.equals(Ljava/lang/Object;)Z @ 8
Event: 1.310 Thread 0x00000000029fd800 Uncommon trap: reason=class_check action=maybe_recompile pc=0x0000000002c82460 method=java.lang.String.equals(Ljava/lang/Object;)Z @ 8
Event: 1.312 Thread 0x00000000029fd800 Uncommon trap: reason=class_check action=maybe_recompile pc=0x0000000002c82460 method=java.lang.String.equals(Ljava/lang/Object;)Z @ 8
Event: 1.317 Thread 0x00000000029fd800 Uncommon trap: reason=class_check action=maybe_recompile pc=0x0000000002c82460 method=java.lang.String.equals(Ljava/lang/Object;)Z @ 8

Classes redefined (0 events):
No events

Internal exceptions (10 events):
Event: 0.110 Thread 0x00000000029fd800 Exception <a 'java/lang/NoSuchMethodError': Method sun.misc.Unsafe.defineClass(Ljava/lang/String;[BII)Ljava/lang/Class; name or signature does not match> (0x00000000eb907cb0) thrown at [C:\re\workspace\8-2-build-windows-amd64-cygwin\jdk8u191\11896\hotspot
Event: 0.110 Thread 0x00000000029fd800 Exception <a 'java/lang/NoSuchMethodError': Method sun.misc.Unsafe.prefetchRead(Ljava/lang/Object;J)V name or signature does not match> (0x00000000eb907f98) thrown at [C:\re\workspace\8-2-build-windows-amd64-cygwin\jdk8u191\11896\hotspot\src\share\vm\prim
Event: 0.377 Thread 0x00000000029fd800 Exception <a 'java/security/PrivilegedActionException'> (0x00000000eb97f7d8) thrown at [C:\re\workspace\8-2-build-windows-amd64-cygwin\jdk8u191\11896\hotspot\src\share\vm\prims\jvm.cpp, line 1435]
Event: 0.377 Thread 0x00000000029fd800 Exception <a 'java/security/PrivilegedActionException'> (0x00000000eb97f9e8) thrown at [C:\re\workspace\8-2-build-windows-amd64-cygwin\jdk8u191\11896\hotspot\src\share\vm\prims\jvm.cpp, line 1435]
Event: 0.387 Thread 0x00000000029fd800 Exception <a 'java/security/PrivilegedActionException'> (0x00000000eb983658) thrown at [C:\re\workspace\8-2-build-windows-amd64-cygwin\jdk8u191\11896\hotspot\src\share\vm\prims\jvm.cpp, line 1435]
Event: 0.387 Thread 0x00000000029fd800 Exception <a 'java/security/PrivilegedActionException'> (0x00000000eb983868) thrown at [C:\re\workspace\8-2-build-windows-amd64-cygwin\jdk8u191\11896\hotspot\src\share\vm\prims\jvm.cpp, line 1435]
Event: 0.422 Thread 0x00000000029fd800 Exception <a 'java/io/FileNotFoundException'> (0x00000000eb98a268) thrown at [C:\re\workspace\8-2-build-windows-amd64-cygwin\jdk8u191\11896\hotspot\src\share\vm\prims\jni.cpp, line 709]
Event: 0.566 Thread 0x00000000029fd800 Exception <a 'java/lang/NoSuchFieldError': method resolution failed> (0x00000000ebaaa468) thrown at [C:\re\workspace\8-2-build-windows-amd64-cygwin\jdk8u191\11896\hotspot\src\share\vm\prims\methodHandles.cpp, line 1167]
Event: 0.582 Thread 0x00000000029fd800 Exception <a 'java/lang/NoSuchFieldError': method resolution failed> (0x00000000ebab7838) thrown at [C:\re\workspace\8-2-build-windows-amd64-cygwin\jdk8u191\11896\hotspot\src\share\vm\prims\methodHandles.cpp, line 1167]
Event: 0.977 Thread 0x00000000029fd800 Exception <a 'java/io/FileNotFoundException'> (0x00000000ebbedc18) thrown at [C:\re\workspace\8-2-build-windows-amd64-cygwin\jdk8u191\11896\hotspot\src\share\vm\prims\jni.cpp, line 709]

Events (10 events):
Event: 4.043 loading class javax/swing/BoundedRangeModel done
Event: 4.043 loading class javax/swing/DefaultBoundedRangeModel done
Event: 4.043 loading class javax/swing/JTextField$ScrollRepainter
Event: 4.044 loading class javax/swing/JTextField$ScrollRepainter done
Event: 4.051 loading class RoundedBorder
Event: 4.051 loading class RoundedBorder done
Event: 4.058 loading class textField$2
Event: 4.058 loading class textField$2 done
Event: 4.059 loading class java/awt/event/KeyAdapter
Event: 4.059 loading class java/awt/event/KeyAdapter done


Dynamic libraries:
0x00007ff7949d0000 - 0x00007ff794a07000 	C:\Program Files\Java\jre1.8.0_191\bin\javaw.exe
0x00007ff9813f0000 - 0x00007ff9815d1000 	C:\WINDOWS\SYSTEM32\ntdll.dll
0x00007ff97fda0000 - 0x00007ff97fe52000 	C:\WINDOWS\System32\KERNEL32.DLL
0x00007ff97d7c0000 - 0x00007ff97da33000 	C:\WINDOWS\System32\KERNELBASE.dll
0x00007ff97fe60000 - 0x00007ff97ff01000 	C:\WINDOWS\System32\ADVAPI32.dll
0x00007ff97f400000 - 0x00007ff97f49e000 	C:\WINDOWS\System32\msvcrt.dll
0x00007ff97eae0000 - 0x00007ff97eb3b000 	C:\WINDOWS\System32\sechost.dll
0x00007ff97f2d0000 - 0x00007ff97f3f4000 	C:\WINDOWS\System32\RPCRT4.dll
0x00007ff97f650000 - 0x00007ff97f7e0000 	C:\WINDOWS\System32\USER32.dll
0x00007ff97da40000 - 0x00007ff97da60000 	C:\WINDOWS\System32\win32u.dll
0x00007ff97eab0000 - 0x00007ff97ead8000 	C:\WINDOWS\System32\GDI32.dll
0x00007ff97df70000 - 0x00007ff97e102000 	C:\WINDOWS\System32\gdi32full.dll
0x00007ff97dd20000 - 0x00007ff97ddbf000 	C:\WINDOWS\System32\msvcp_win.dll
0x00007ff97de70000 - 0x00007ff97df6a000 	C:\WINDOWS\System32\ucrtbase.dll
0x00007ff96e4f0000 - 0x00007ff96e759000 	C:\WINDOWS\WinSxS\amd64_microsoft.windows.common-controls_6595b64144ccf1df_6.0.17134.472_none_fb3f9af53068156d\COMCTL32.dll
0x00007ff97f910000 - 0x00007ff97fc32000 	C:\WINDOWS\System32\combase.dll
0x00007ff97dca0000 - 0x00007ff97dd1a000 	C:\WINDOWS\System32\bcryptPrimitives.dll
0x00007ff97eb40000 - 0x00007ff97eb6d000 	C:\WINDOWS\System32\IMM32.DLL
0x000000006ebb0000 - 0x000000006ec82000 	C:\Program Files\Java\jre1.8.0_191\bin\msvcr100.dll
0x000000006ec90000 - 0x000000006f534000 	C:\Program Files\Java\jre1.8.0_191\bin\server\jvm.dll
0x00007ff97eaa0000 - 0x00007ff97eaa8000 	C:\WINDOWS\System32\PSAPI.DLL
0x00007ff96eea0000 - 0x00007ff96eea9000 	C:\WINDOWS\SYSTEM32\WSOCK32.dll
0x00007ff981350000 - 0x00007ff9813bc000 	C:\WINDOWS\System32\WS2_32.dll
0x00007ff97aca0000 - 0x00007ff97acc3000 	C:\WINDOWS\SYSTEM32\WINMM.dll
0x00007ff96f070000 - 0x00007ff96f07a000 	C:\WINDOWS\SYSTEM32\VERSION.dll
0x00007ff97a990000 - 0x00007ff97a9ba000 	C:\WINDOWS\SYSTEM32\WINMMBASE.dll
0x00007ff97da60000 - 0x00007ff97daa9000 	C:\WINDOWS\System32\cfgmgr32.dll
0x000000006eba0000 - 0x000000006ebaf000 	C:\Program Files\Java\jre1.8.0_191\bin\verify.dll
0x000000006eb70000 - 0x000000006eb99000 	C:\Program Files\Java\jre1.8.0_191\bin\java.dll
0x000000006eb50000 - 0x000000006eb66000 	C:\Program Files\Java\jre1.8.0_191\bin\zip.dll
0x00007ff97ff10000 - 0x00007ff981350000 	C:\WINDOWS\System32\SHELL32.dll
0x00007ff97ec60000 - 0x00007ff97ed09000 	C:\WINDOWS\System32\shcore.dll
0x00007ff97e110000 - 0x00007ff97e81d000 	C:\WINDOWS\System32\windows.storage.dll
0x00007ff97ed70000 - 0x00007ff97edc1000 	C:\WINDOWS\System32\shlwapi.dll
0x00007ff97d710000 - 0x00007ff97d721000 	C:\WINDOWS\System32\kernel.appcore.dll
0x00007ff97d7a0000 - 0x00007ff97d7bf000 	C:\WINDOWS\System32\profapi.dll
0x00007ff97d730000 - 0x00007ff97d77c000 	C:\WINDOWS\System32\powrprof.dll
0x00007ff97d700000 - 0x00007ff97d70a000 	C:\WINDOWS\System32\FLTLIB.DLL
0x000000006f750000 - 0x000000006f8e9000 	C:\Program Files\Java\jre1.8.0_191\bin\awt.dll
0x00007ff97f840000 - 0x00007ff97f902000 	C:\WINDOWS\System32\OLEAUT32.dll
0x00007ff97acd0000 - 0x00007ff97ad5b000 	C:\WINDOWS\SYSTEM32\apphelp.dll
0x00007ff97b710000 - 0x00007ff97b7a8000 	C:\WINDOWS\system32\uxtheme.dll
0x00007ff97e920000 - 0x00007ff97ea93000 	C:\WINDOWS\System32\MSCTF.dll
0x00007ff97ba50000 - 0x00007ff97ba79000 	C:\WINDOWS\system32\dwmapi.dll
0x00007ff97fc40000 - 0x00007ff97fd91000 	C:\WINDOWS\System32\ole32.dll
0x00007ff975fc0000 - 0x00007ff9760e0000 	C:\WINDOWS\system32\opengl32.dll
0x00007ff975f90000 - 0x00007ff975fbc000 	C:\WINDOWS\SYSTEM32\GLU32.dll
0x000000006f700000 - 0x000000006f747000 	C:\Program Files\Java\jre1.8.0_191\bin\fontmanager.dll
0x00007ff973fb0000 - 0x00007ff974046000 	C:\WINDOWS\System32\TextInputFramework.dll
0x00007ff978350000 - 0x00007ff97866e000 	C:\WINDOWS\System32\CoreUIComponents.dll
0x00007ff97a480000 - 0x00007ff97a55a000 	C:\WINDOWS\System32\CoreMessaging.dll
0x00007ff97c7f0000 - 0x00007ff97c821000 	C:\WINDOWS\SYSTEM32\ntmarta.dll
0x00007ff979050000 - 0x00007ff97919d000 	C:\WINDOWS\SYSTEM32\wintypes.dll
0x000000006eb30000 - 0x000000006eb4a000 	C:\Program Files\Java\jre1.8.0_191\bin\net.dll
0x00007ff97cf20000 - 0x00007ff97cf86000 	C:\WINDOWS\system32\mswsock.dll
0x000000006eb10000 - 0x000000006eb21000 	C:\Program Files\Java\jre1.8.0_191\bin\nio.dll
0x000000006f6b0000 - 0x000000006f6f2000 	C:\Program Files\Java\jre1.8.0_191\bin\t2k.dll
0x00007ff97e880000 - 0x00007ff97e920000 	C:\WINDOWS\System32\clbcatq.dll
0x00007ff97b200000 - 0x00007ff97b3ae000 	C:\WINDOWS\SYSTEM32\WindowsCodecs.dll
0x00007ff970f90000 - 0x00007ff970fe8000 	C:\WINDOWS\system32\dataexchange.dll
0x00007ff9794d0000 - 0x00007ff9797db000 	C:\WINDOWS\system32\d3d11.dll
0x00007ff97a2e0000 - 0x00007ff97a47c000 	C:\WINDOWS\system32\dcomp.dll
0x00007ff97c4c0000 - 0x00007ff97c57b000 	C:\WINDOWS\system32\dxgi.dll
0x00007ff97bbe0000 - 0x00007ff97bd98000 	C:\WINDOWS\system32\twinapi.appcore.dll
0x00007ff97bb30000 - 0x00007ff97bb51000 	C:\WINDOWS\system32\RMCLIENT.dll

VM Arguments:
jvm_args: -Dfile.encoding=Cp1252 
java_command: sudoku
java_class_path (initial): C:\Users\fqayy\OneDrive\Desktop\GitHub\javaProjects\sudoku_GUI\fahad\bin
Launcher Type: SUN_STANDARD

Environment Variables:
PATH=C:/Program Files/Java/jre1.8.0_191/bin/server;C:/Program Files/Java/jre1.8.0_191/bin;C:/Program Files/Java/jre1.8.0_191/lib/amd64;C:\Program Files (x86)\Common Files\Oracle\Java\javapath;C:\WINDOWS\system32;C:\WINDOWS;C:\WINDOWS\System32\Wbem;C:\WINDOWS\System32\WindowsPowerShell\v1.0\;C:\Program Files (x86)\Brackets\command;C:\WINDOWS\System32\OpenSSH\;C:\Users\fqayy\AppData\Local\Microsoft\WindowsApps;C:\Users\fqayy\AppData\Local\GitHubDesktop\bin;C:\WINDOWS\System32;
USERNAME=fqayy
OS=Windows_NT
PROCESSOR_IDENTIFIER=Intel64 Family 6 Model 92 Stepping 9, GenuineIntel



---------------  S Y S T E M  ---------------

OS: Windows 10.0 , 64 bit Build 17134 (10.0.17134.1)

CPU:total 2 (initial active 2) (2 cores per cpu, 1 threads per core) family 6 model 92 stepping 9, cmov, cx8, fxsr, mmx, sse, sse2, sse3, ssse3, sse4.1, sse4.2, popcnt, aes, clmul, erms, 3dnowpref, tsc, tscinvbit

Memory: 4k page, physical 4021600k(332804k free), swap 11491804k(2948k free)

vm_info: Java HotSpot(TM) 64-Bit Server VM (25.191-b12) for windows-amd64 JRE (1.8.0_191-b12), built on Oct  6 2018 09:29:03 by "java_re" with MS VC++ 10.0 (VS2010)

time: Fri Dec 28 19:40:33 2018
elapsed time: 4 seconds (0d 0h 0m 4s)

